<?xml version="1.0" encoding="UTF-8"?>
<testsuite xmlns:xsi="http://www.w3.org/2001/XMLSchema-instance" xsi:noNamespaceSchemaLocation="https://maven.apache.org/surefire/maven-surefire-plugin/xsd/surefire-test-report.xsd" name="com.example.dados.UsuarioTest" time="0.016" tests="9" errors="0" skipped="0" failures="0">
  <properties>
    <property name="java.specification.version" value="21"/>
    <property name="sun.cpu.isalist" value="amd64"/>
    <property name="sun.jnu.encoding" value="Cp1252"/>
    <property name="java.class.path" value="C:\Users\Nicole\Downloads\Udesc2024-2\SOFT\soft\target\test-classes;C:\Users\Nicole\Downloads\Udesc2024-2\SOFT\soft\target\classes;C:\Users\Nicole\.m2\repository\org\junit\jupiter\junit-jupiter\5.10.0\junit-jupiter-5.10.0.jar;C:\Users\Nicole\.m2\repository\org\junit\jupiter\junit-jupiter-api\5.10.0\junit-jupiter-api-5.10.0.jar;C:\Users\Nicole\.m2\repository\org\opentest4j\opentest4j\1.3.0\opentest4j-1.3.0.jar;C:\Users\Nicole\.m2\repository\org\junit\platform\junit-platform-commons\1.10.0\junit-platform-commons-1.10.0.jar;C:\Users\Nicole\.m2\repository\org\apiguardian\apiguardian-api\1.1.2\apiguardian-api-1.1.2.jar;C:\Users\Nicole\.m2\repository\org\junit\jupiter\junit-jupiter-params\5.10.0\junit-jupiter-params-5.10.0.jar;C:\Users\Nicole\.m2\repository\org\junit\jupiter\junit-jupiter-engine\5.10.0\junit-jupiter-engine-5.10.0.jar;C:\Users\Nicole\.m2\repository\org\junit\platform\junit-platform-engine\1.10.0\junit-platform-engine-1.10.0.jar;"/>
    <property name="java.vm.vendor" value="Azul Systems, Inc."/>
    <property name="sun.arch.data.model" value="64"/>
    <property name="user.variant" value=""/>
    <property name="java.vendor.url" value="http://www.azul.com/"/>
    <property name="user.timezone" value="America/Sao_Paulo"/>
    <property name="os.name" value="Windows 11"/>
    <property name="java.vm.specification.version" value="21"/>
    <property name="sun.java.launcher" value="SUN_STANDARD"/>
    <property name="user.country" value="BR"/>
    <property name="sun.boot.library.path" value="C:\Program Files\Java\zulu21.32.17-ca-jdk21.0.2-win_x64\bin"/>
    <property name="sun.java.command" value="C:\Users\Nicole\AppData\Local\Temp\surefire16187618363326217990\surefirebooter11902722460336930307.jar C:\Users\Nicole\AppData\Local\Temp\surefire16187618363326217990 2024-12-01T22-42-21_111-jvmRun1 surefire172820058295278819tmp surefire_011234392483366638785tmp"/>
    <property name="jdk.debug" value="release"/>
    <property name="surefire.test.class.path" value="C:\Users\Nicole\Downloads\Udesc2024-2\SOFT\soft\target\test-classes;C:\Users\Nicole\Downloads\Udesc2024-2\SOFT\soft\target\classes;C:\Users\Nicole\.m2\repository\org\junit\jupiter\junit-jupiter\5.10.0\junit-jupiter-5.10.0.jar;C:\Users\Nicole\.m2\repository\org\junit\jupiter\junit-jupiter-api\5.10.0\junit-jupiter-api-5.10.0.jar;C:\Users\Nicole\.m2\repository\org\opentest4j\opentest4j\1.3.0\opentest4j-1.3.0.jar;C:\Users\Nicole\.m2\repository\org\junit\platform\junit-platform-commons\1.10.0\junit-platform-commons-1.10.0.jar;C:\Users\Nicole\.m2\repository\org\apiguardian\apiguardian-api\1.1.2\apiguardian-api-1.1.2.jar;C:\Users\Nicole\.m2\repository\org\junit\jupiter\junit-jupiter-params\5.10.0\junit-jupiter-params-5.10.0.jar;C:\Users\Nicole\.m2\repository\org\junit\jupiter\junit-jupiter-engine\5.10.0\junit-jupiter-engine-5.10.0.jar;C:\Users\Nicole\.m2\repository\org\junit\platform\junit-platform-engine\1.10.0\junit-platform-engine-1.10.0.jar;"/>
    <property name="sun.cpu.endian" value="little"/>
    <property name="user.home" value="C:\Users\Nicole"/>
    <property name="user.language" value="pt"/>
    <property name="java.specification.vendor" value="Oracle Corporation"/>
    <property name="java.version.date" value="2024-01-16"/>
    <property name="java.home" value="C:\Program Files\Java\zulu21.32.17-ca-jdk21.0.2-win_x64"/>
    <property name="file.separator" value="\"/>
    <property name="basedir" value="C:\Users\Nicole\Downloads\Udesc2024-2\SOFT\soft"/>
    <property name="java.vm.compressedOopsMode" value="32-bit"/>
    <property name="line.separator" value="&#10;"/>
    <property name="java.vm.specification.vendor" value="Oracle Corporation"/>
    <property name="java.specification.name" value="Java Platform API Specification"/>
    <property name="surefire.real.class.path" value="C:\Users\Nicole\AppData\Local\Temp\surefire16187618363326217990\surefirebooter11902722460336930307.jar"/>
    <property name="user.script" value=""/>
    <property name="sun.management.compiler" value="HotSpot 64-Bit Tiered Compilers"/>
    <property name="java.runtime.version" value="21.0.2+13-LTS"/>
    <property name="user.name" value="Nicole"/>
    <property name="stdout.encoding" value="Cp1252"/>
    <property name="path.separator" value=";"/>
    <property name="os.version" value="10.0"/>
    <property name="java.runtime.name" value="OpenJDK Runtime Environment"/>
    <property name="file.encoding" value="UTF-8"/>
    <property name="java.vm.name" value="OpenJDK 64-Bit Server VM"/>
    <property name="java.vendor.version" value="Zulu21.32+17-CA"/>
    <property name="localRepository" value="C:\Users\Nicole\.m2\repository"/>
    <property name="java.vendor.url.bug" value="http://www.azul.com/support/"/>
    <property name="java.io.tmpdir" value="C:\Users\Nicole\AppData\Local\Temp\"/>
    <property name="java.version" value="21.0.2"/>
    <property name="user.dir" value="C:\Users\Nicole\Downloads\Udesc2024-2\SOFT\soft"/>
    <property name="os.arch" value="amd64"/>
    <property name="java.vm.specification.name" value="Java Virtual Machine Specification"/>
    <property name="sun.os.patch.level" value=""/>
    <property name="native.encoding" value="Cp1252"/>
    <property name="java.library.path" value="C:\Program Files\Java\zulu21.32.17-ca-jdk21.0.2-win_x64\bin;C:\Windows\Sun\Java\bin;C:\Windows\system32;C:\Windows;C:\Program Files\Java\zulu21.32.17-ca-jdk21.0.2-win_x64\bin;C:\MinGW\bin;C:\Program Files (x86)\Common Files\Oracle\Java\javapath;C:\Program Files\nodejs;C:\Windows\system32;C:\Windows;C:\Windows\System32\Wbem;C:\Windows\System32\WindowsPowerShell\v1.0\;C:\Windows\System32\OpenSSH\;C:\Program Files\Git\cmd;C:\Program Files\dotnet\;C:\apache-maven-3.9.8\bin;C:\cabal\bin;C:\ghcup\ghc\9.4.8\mingw;C:\MinGW\bin;C:\Users\Nicole\AppData\Roaming\Microsoft\Windows\Start Menu\Programs\Python 3.13;C:\Users\Nicole\AppData\Local\Programs\Python\Python313\Scripts\;C:\Users\Nicole\AppData\Local\Programs\Python\Python313\;C:\Users\Nicole\AppData\Local\Programs\Python\Launcher\;C:\Program Files (x86)\Graphviz2.38\bin;C:\Users\Nicole\AppData\Local\Programs\Microsoft VS Code\bin;C:\texlive\2024\bin\windows;C:\Users\Nicole\.dotnet\tools;C:\ghcup\bin;;."/>
    <property name="java.vm.info" value="mixed mode, sharing"/>
    <property name="stderr.encoding" value="Cp1252"/>
    <property name="java.vendor" value="Azul Systems, Inc."/>
    <property name="java.vm.version" value="21.0.2+13-LTS"/>
    <property name="sun.io.unicode.encoding" value="UnicodeLittle"/>
    <property name="java.class.version" value="65.0"/>
  </properties>
  <testcase name="testUsuarioInicializacao" classname="com.example.dados.UsuarioTest" time="0"/>
  <testcase name="testAdicionarReserva" classname="com.example.dados.UsuarioTest" time="0"/>
  <testcase name="testAlterarDadosUsuario" classname="com.example.dados.UsuarioTest" time="0"/>
  <testcase name="testSenhaNaoVisivelPublicamente" classname="com.example.dados.UsuarioTest" time="0"/>
  <testcase name="testNenhumaReservaDisponivel" classname="com.example.dados.UsuarioTest" time="0"/>
  <testcase name="testUsuarioReservas" classname="com.example.dados.UsuarioTest" time="0"/>
  <testcase name="testRemoverReserva" classname="com.example.dados.UsuarioTest" time="0"/>
  <testcase name="testReservasPorData" classname="com.example.dados.UsuarioTest" time="0"/>
  <testcase name="testReservasConfirmadas" classname="com.example.dados.UsuarioTest" time="0"/>
</testsuite>